<?xml version='1.0'?>
<ns2:test-suite xmlns:ns2='urn:model.allure.qatools.yandex.ru' start='1629763550898' stop='1629763602476'>
    <name>Do the smoke test to validate the Zed Run works well when logged by Email</name>
    <title>Do the smoke test to validate the Zed Run works well when logged by Email</title>
    <test-cases>
        <test-case start='1629763550898' status='passed' stop='1629763562580'>
            <name>Open ZedRun page and input valid email to generate magic link</name>
            <title>Open ZedRun page and input valid email to generate magic link</title>
            <labels/>
            <parameters/>
            <steps/>
            <attachments/>
        </test-case>
        <test-case start='1629763562580' status='passed' stop='1629763564400'>
            <name>Check mail inbox to get magic link</name>
            <title>Check mail inbox to get magic link</title>
            <labels/>
            <parameters/>
            <steps/>
            <attachments/>
        </test-case>
        <test-case start='1629763564400' status='passed' stop='1629763566019'>
            <name>Open new browser with magic link</name>
            <title>Open new browser with magic link</title>
            <labels/>
            <parameters/>
            <steps/>
            <attachments/>
        </test-case>
        <test-case start='1629763566019' status='passed' stop='1629763572268'>
            <name>Check that the ZED app is loading successfully</name>
            <title>Check that the ZED app is loading successfully</title>
            <labels/>
            <parameters/>
            <steps/>
            <attachments/>
        </test-case>
        <test-case start='1629763572268' status='failed' stop='1629763582609'>
            <name>Validate the component displays on Home Page</name>
            <title>Validate the component displays on Home Page</title>
            <labels/>
            <parameters/>
            <steps/>
            <attachments/>
            <failure>
                <message>Error: The Horse On Sale does not display as expected</message>
                <stack-trace>Error: The Horse On Sale does not display as expected
                    at HomePage.validateHorseOnSaleSection (/Users/development/workspace/qa-automationtest/pages/HomePage.js:319:19)
                    at /Users/development/workspace/qa-automationtest/tests/smoke-test/smoke-test-email.test.js:93:9
                    at Object.&lt;anonymous> (/Users/development/workspace/qa-automationtest/node_modules/jest-retries/src/retry.js:32:17)</stack-trace>
            </failure>
        </test-case>
        <test-case start='1629763582609' status='failed' stop='1629763602467'>
            <name>Validate Marketplace Page has a racehorse</name>
            <title>Validate Marketplace Page has a racehorse</title>
            <labels/>
            <parameters/>
            <steps/>
            <attachments/>
            <failure>
                <message>Error: Marketplace Tab is not present or not clickable</message>
                <stack-trace>Error: Marketplace Tab is not present or not clickable
                    at MarketplacePage.selectMarketplaceTab (/Users/development/workspace/qa-automationtest/pages/MarketplacePage.js:260:13)
                    at /Users/development/workspace/qa-automationtest/tests/smoke-test/smoke-test-email.test.js:101:9
                    at Object.&lt;anonymous> (/Users/development/workspace/qa-automationtest/node_modules/jest-retries/src/retry.js:32:17)</stack-trace>
            </failure>
        </test-case>
        <test-case start='1629763602467' status='failed' stop='1629763602470'>
            <name>Validate Stud Service Page has a racehorse In Stud</name>
            <title>Validate Stud Service Page has a racehorse In Stud</title>
            <labels/>
            <parameters/>
            <steps/>
            <attachments/>
            <failure>
                <message>Error: Breeding link is not shown!</message>
                <stack-trace>Error: Breeding link is not shown!
                    at HomePage.clickOnBreedingLink (/Users/development/workspace/qa-automationtest/pages/HomePage.js:192:13)
                    at /Users/development/workspace/qa-automationtest/tests/smoke-test/smoke-test-email.test.js:106:9
                    at Object.&lt;anonymous> (/Users/development/workspace/qa-automationtest/node_modules/jest-retries/src/retry.js:32:17)</stack-trace>
            </failure>
        </test-case>
        <test-case start='1629763602470' status='failed' stop='1629763602472'>
            <name>Validate has a race open on Events page</name>
            <title>Validate has a race open on Events page</title>
            <labels/>
            <parameters/>
            <steps/>
            <attachments/>
            <failure>
                <message>Error: Racing link is not present or clickable</message>
                <stack-trace>Error: Racing link is not present or clickable
                    at HomePage.clickOnRacingLink (/Users/development/workspace/qa-automationtest/pages/HomePage.js:122:13)
                    at /Users/development/workspace/qa-automationtest/tests/smoke-test/smoke-test-email.test.js:114:9
                    at Object.&lt;anonymous> (/Users/development/workspace/qa-automationtest/node_modules/jest-retries/src/retry.js:32:17)</stack-trace>
            </failure>
        </test-case>
        <test-case start='1629763602472' status='failed' stop='1629763602474'>
            <name>Validate has a result on Result Page</name>
            <title>Validate has a result on Result Page</title>
            <labels/>
            <parameters/>
            <steps/>
            <attachments/>
            <failure>
                <message>Error: Racing link is not present or clickable</message>
                <stack-trace>Error: Racing link is not present or clickable
                    at HomePage.clickOnRacingLink (/Users/development/workspace/qa-automationtest/pages/HomePage.js:122:13)
                    at /Users/development/workspace/qa-automationtest/tests/smoke-test/smoke-test-email.test.js:122:9
                    at Object.&lt;anonymous> (/Users/development/workspace/qa-automationtest/node_modules/jest-retries/src/retry.js:32:17)</stack-trace>
            </failure>
        </test-case>
        <test-case start='1629763602474' status='failed' stop='1629763602475'>
            <name>Validate has a Winning on Winning Page</name>
            <title>Validate has a Winning on Winning Page</title>
            <labels/>
            <parameters/>
            <steps/>
            <attachments/>
            <failure>
                <message>Error: Racing link is not present or clickable</message>
                <stack-trace>Error: Racing link is not present or clickable
                    at HomePage.clickOnRacingLink (/Users/development/workspace/qa-automationtest/pages/HomePage.js:122:13)
                    at /Users/development/workspace/qa-automationtest/tests/smoke-test/smoke-test-email.test.js:130:9
                    at Object.&lt;anonymous> (/Users/development/workspace/qa-automationtest/node_modules/jest-retries/src/retry.js:32:17)</stack-trace>
            </failure>
        </test-case>
        <test-case start='1629763602475' status='failed' stop='1629763602476'>
            <name>Validate has a racehorse existing on Stable Page</name>
            <title>Validate has a racehorse existing on Stable Page</title>
            <labels/>
            <parameters/>
            <steps/>
            <attachments/>
            <failure>
                <message>Error: The Profile Icon or My Stable Page is not present</message>
                <stack-trace>Error: The Profile Icon or My Stable Page is not present
                    at HomePage.navigateToMyStablePage (/Users/development/workspace/qa-automationtest/pages/HomePage.js:218:13)
                    at /Users/development/workspace/qa-automationtest/tests/smoke-test/smoke-test-email.test.js:137:9
                    at Object.&lt;anonymous> (/Users/development/workspace/qa-automationtest/node_modules/jest-retries/src/retry.js:32:17)</stack-trace>
            </failure>
        </test-case>
    </test-cases>
</ns2:test-suite>