<?xml version='1.0'?>
<ns2:test-suite xmlns:ns2='urn:model.allure.qatools.yandex.ru' start='1609662375966' stop='1609662395155'>
    <name>Login to ZedRun with Metamask</name>
    <title>Login to ZedRun with Metamask</title>
    <test-cases>
        <test-case start='1609662375967' status='failed' stop='1609662380644'>
            <name>Update metamask info</name>
            <title>Update metamask info</title>
            <labels/>
            <parameters/>
            <steps/>
            <attachments/>
            <failure>
                <message>ReferenceError: done is not defined</message>
                <stack-trace>ReferenceError: done is not defined
                    at Object.test (/Users/davidle/qa-automationtest/tests/login/register.test.js:56:5)</stack-trace>
            </failure>
        </test-case>
        <test-case start='1609662380644' status='failed' stop='1609662395154'>
            <name>Open ZedRun page and click Connnect Metamask</name>
            <title>Open ZedRun page and click Connnect Metamask</title>
            <labels/>
            <parameters/>
            <steps/>
            <attachments/>
            <failure>
                <message>TypeError: zedRunPage.clickOnAcceptButton is not a function</message>
                <stack-trace>TypeError: zedRunPage.clickOnAcceptButton is not a function
                    at Object.test (/Users/davidle/qa-automationtest/tests/login/register.test.js:79:22)</stack-trace>
            </failure>
        </test-case>
    </test-cases>
</ns2:test-suite>