<?xml version='1.0'?>
<ns2:test-suite xmlns:ns2='urn:model.allure.qatools.yandex.ru' start='1612347406698' stop='1612347549873'>
    <name>Purchase horse with ETH</name>
    <title>Purchase horse with ETH</title>
    <test-cases>
        <test-case start='1612347406698' status='passed' stop='1612347411102'>
            <name>Update metamask info</name>
            <title>Update metamask info</title>
            <labels/>
            <parameters/>
            <steps/>
            <attachments/>
        </test-case>
        <test-case start='1612347411103' status='passed' stop='1612347424119'>
            <name>Open ZedRun page and click Connnect Metamask</name>
            <title>Open ZedRun page and click Connnect Metamask</title>
            <labels/>
            <parameters/>
            <steps/>
            <attachments/>
        </test-case>
        <test-case start='1612347424119' status='passed' stop='1612347429828'>
            <name>Go to Marketplace and select first horse</name>
            <title>Go to Marketplace and select first horse</title>
            <labels/>
            <parameters/>
            <steps/>
            <attachments/>
        </test-case>
        <test-case start='1612347429828' status='failed' stop='1612347549845'>
            <name>Purchase horse with ETH</name>
            <title>Purchase horse with ETH</title>
            <labels/>
            <parameters/>
            <steps/>
            <attachments/>
            <failure>
                <message>: Timeout - Async callback was not invoked within the 120000 ms timeout specified by jest.setTimeout.</message>
                <stack-trace>Timeout - Async callback was not invoked within the 120000 ms timeout specified by jest.setTimeout.Error: 
                    at new Spec (/Users/davidle/qa-automationtest/node_modules/jest-jasmine2/build/jasmine/Spec.js:116:22)
                    at new Spec (/Users/davidle/qa-automationtest/node_modules/jest-jasmine2/build/setup_jest_globals.js:78:9)
                    at specFactory (/Users/davidle/qa-automationtest/node_modules/jest-jasmine2/build/jasmine/Env.js:523:24)
                    at Env.it (/Users/davidle/qa-automationtest/node_modules/jest-jasmine2/build/jasmine/Env.js:592:24)
                    at Env.it (/Users/davidle/qa-automationtest/node_modules/jest-jasmine2/build/jasmineAsyncInstall.js:134:23)
                    at it (/Users/davidle/qa-automationtest/node_modules/jest-jasmine2/build/jasmine/jasmineLight.js:100:21)
                    at test (/Users/davidle/qa-automationtest/node_modules/jest-retries/src/retry.js:28:5)
                    at Suite.Object.&lt;anonymous>.describe (/Users/davidle/qa-automationtest/tests/purchase-horse/purchase-horse-ETH.test.js:107:3)
                    at addSpecsToSuite (/Users/davidle/qa-automationtest/node_modules/jest-jasmine2/build/jasmine/Env.js:444:51)
                    at Env.describe (/Users/davidle/qa-automationtest/node_modules/jest-jasmine2/build/jasmine/Env.js:414:11)
                    at describe (/Users/davidle/qa-automationtest/node_modules/jest-jasmine2/build/jasmine/jasmineLight.js:88:18)
                    at Object.&lt;anonymous> (/Users/davidle/qa-automationtest/tests/purchase-horse/purchase-horse-ETH.test.js:44:1)
                    at Runtime._execModule (/Users/davidle/qa-automationtest/node_modules/jest-runtime/build/index.js:1299:24)
                    at Runtime._loadModule (/Users/davidle/qa-automationtest/node_modules/jest-runtime/build/index.js:898:12)
                    at Runtime.requireModule (/Users/davidle/qa-automationtest/node_modules/jest-runtime/build/index.js:746:10)
                    at jasmine2 (/Users/davidle/qa-automationtest/node_modules/jest-jasmine2/build/index.js:230:13)
                    at runTestInternal (/Users/davidle/qa-automationtest/node_modules/jest-runner/build/runTest.js:380:22)</stack-trace>
            </failure>
        </test-case>
        <test-case start='1612347549845' status='failed' stop='1612347549872'>
            <name>Verify that our order is performed</name>
            <title>Verify that our order is performed</title>
            <labels/>
            <parameters/>
            <steps/>
            <attachments/>
            <failure>
                <message>ReferenceError: horseName is not defined</message>
                <stack-trace>ReferenceError: horseName is not defined
                    at test (/Users/davidle/qa-automationtest/tests/purchase-horse/purchase-horse-ETH.test.js:130:54)</stack-trace>
            </failure>
        </test-case>
    </test-cases>
</ns2:test-suite>