<?xml version='1.0'?>
<ns2:test-suite xmlns:ns2='urn:model.allure.qatools.yandex.ru' start='1611407131023' stop='1611407311124'>
    <name>Generate stud horse</name>
    <title>Generate stud horse</title>
    <test-cases>
        <test-case start='1611407131024' status='passed' stop='1611407136172'>
            <name>Update metamask info</name>
            <title>Update metamask info</title>
            <labels/>
            <parameters/>
            <steps/>
            <attachments/>
        </test-case>
        <test-case start='1611407136172' status='failed' stop='1611407166174'>
            <name>Open ZedRun page and click Connnect Metamask</name>
            <title>Open ZedRun page and click Connnect Metamask</title>
            <labels/>
            <parameters/>
            <steps/>
            <attachments/>
            <failure>
                <message>: Timeout - Async callback was not invoked within the 30000 ms timeout specified by jest.setTimeout.</message>
                <stack-trace>Timeout - Async callback was not invoked within the 30000 ms timeout specified by jest.setTimeout.Error: 
                    at new Spec (/Users/davidle/zed-automation/node_modules/jest-jasmine2/build/jasmine/Spec.js:116:22)
                    at new Spec (/Users/davidle/zed-automation/node_modules/jest-jasmine2/build/setup_jest_globals.js:78:9)
                    at specFactory (/Users/davidle/zed-automation/node_modules/jest-jasmine2/build/jasmine/Env.js:523:24)
                    at Env.it (/Users/davidle/zed-automation/node_modules/jest-jasmine2/build/jasmine/Env.js:592:24)
                    at Env.it (/Users/davidle/zed-automation/node_modules/jest-jasmine2/build/jasmineAsyncInstall.js:134:23)
                    at it (/Users/davidle/zed-automation/node_modules/jest-jasmine2/build/jasmine/jasmineLight.js:100:21)
                    at test (/Users/davidle/zed-automation/node_modules/jest-retries/src/retry.js:28:5)
                    at Suite.Object.&lt;anonymous>.describe (/Users/davidle/zed-automation/tests/generate-sub-horse.test.js:67:3)
                    at addSpecsToSuite (/Users/davidle/zed-automation/node_modules/jest-jasmine2/build/jasmine/Env.js:444:51)
                    at Env.describe (/Users/davidle/zed-automation/node_modules/jest-jasmine2/build/jasmine/Env.js:414:11)
                    at describe (/Users/davidle/zed-automation/node_modules/jest-jasmine2/build/jasmine/jasmineLight.js:88:18)
                    at Object.&lt;anonymous> (/Users/davidle/zed-automation/tests/generate-sub-horse.test.js:49:1)
                    at Runtime._execModule (/Users/davidle/zed-automation/node_modules/jest-runtime/build/index.js:1299:24)
                    at Runtime._loadModule (/Users/davidle/zed-automation/node_modules/jest-runtime/build/index.js:898:12)
                    at Runtime.requireModule (/Users/davidle/zed-automation/node_modules/jest-runtime/build/index.js:746:10)
                    at jasmine2 (/Users/davidle/zed-automation/node_modules/jest-jasmine2/build/index.js:230:13)
                    at runTestInternal (/Users/davidle/zed-automation/node_modules/jest-runner/build/runTest.js:380:22)</stack-trace>
            </failure>
        </test-case>
        <test-case start='1611407166175' status='failed' stop='1611407196187'>
            <name>Check that avatar is shown then click on Wallet</name>
            <title>Check that avatar is shown then click on Wallet</title>
            <labels/>
            <parameters/>
            <steps/>
            <attachments/>
            <failure>
                <message>: Timeout - Async callback was not invoked within the 30000 ms timeout specified by jest.setTimeout.</message>
                <stack-trace>Timeout - Async callback was not invoked within the 30000 ms timeout specified by jest.setTimeout.Error: 
                    at new Spec (/Users/davidle/zed-automation/node_modules/jest-jasmine2/build/jasmine/Spec.js:116:22)
                    at new Spec (/Users/davidle/zed-automation/node_modules/jest-jasmine2/build/setup_jest_globals.js:78:9)
                    at specFactory (/Users/davidle/zed-automation/node_modules/jest-jasmine2/build/jasmine/Env.js:523:24)
                    at Env.it (/Users/davidle/zed-automation/node_modules/jest-jasmine2/build/jasmine/Env.js:592:24)
                    at Env.it (/Users/davidle/zed-automation/node_modules/jest-jasmine2/build/jasmineAsyncInstall.js:134:23)
                    at it (/Users/davidle/zed-automation/node_modules/jest-jasmine2/build/jasmine/jasmineLight.js:100:21)
                    at test (/Users/davidle/zed-automation/node_modules/jest-retries/src/retry.js:28:5)
                    at Suite.Object.&lt;anonymous>.describe (/Users/davidle/zed-automation/tests/generate-sub-horse.test.js:89:3)
                    at addSpecsToSuite (/Users/davidle/zed-automation/node_modules/jest-jasmine2/build/jasmine/Env.js:444:51)
                    at Env.describe (/Users/davidle/zed-automation/node_modules/jest-jasmine2/build/jasmine/Env.js:414:11)
                    at describe (/Users/davidle/zed-automation/node_modules/jest-jasmine2/build/jasmine/jasmineLight.js:88:18)
                    at Object.&lt;anonymous> (/Users/davidle/zed-automation/tests/generate-sub-horse.test.js:49:1)
                    at Runtime._execModule (/Users/davidle/zed-automation/node_modules/jest-runtime/build/index.js:1299:24)
                    at Runtime._loadModule (/Users/davidle/zed-automation/node_modules/jest-runtime/build/index.js:898:12)
                    at Runtime.requireModule (/Users/davidle/zed-automation/node_modules/jest-runtime/build/index.js:746:10)
                    at jasmine2 (/Users/davidle/zed-automation/node_modules/jest-jasmine2/build/index.js:230:13)
                    at runTestInternal (/Users/davidle/zed-automation/node_modules/jest-runner/build/runTest.js:380:22)</stack-trace>
            </failure>
        </test-case>
        <test-case start='1611407196187' status='failed' stop='1611407226202'>
            <name>Select mate horse</name>
            <title>Select mate horse</title>
            <labels/>
            <parameters/>
            <steps/>
            <attachments/>
            <failure>
                <message>: Timeout - Async callback was not invoked within the 30000 ms timeout specified by jest.setTimeout.</message>
                <stack-trace>Timeout - Async callback was not invoked within the 30000 ms timeout specified by jest.setTimeout.Error: 
                    at new Spec (/Users/davidle/zed-automation/node_modules/jest-jasmine2/build/jasmine/Spec.js:116:22)
                    at new Spec (/Users/davidle/zed-automation/node_modules/jest-jasmine2/build/setup_jest_globals.js:78:9)
                    at specFactory (/Users/davidle/zed-automation/node_modules/jest-jasmine2/build/jasmine/Env.js:523:24)
                    at Env.it (/Users/davidle/zed-automation/node_modules/jest-jasmine2/build/jasmine/Env.js:592:24)
                    at Env.it (/Users/davidle/zed-automation/node_modules/jest-jasmine2/build/jasmineAsyncInstall.js:134:23)
                    at it (/Users/davidle/zed-automation/node_modules/jest-jasmine2/build/jasmine/jasmineLight.js:100:21)
                    at test (/Users/davidle/zed-automation/node_modules/jest-retries/src/retry.js:28:5)
                    at Suite.Object.&lt;anonymous>.describe (/Users/davidle/zed-automation/tests/generate-sub-horse.test.js:96:3)
                    at addSpecsToSuite (/Users/davidle/zed-automation/node_modules/jest-jasmine2/build/jasmine/Env.js:444:51)
                    at Env.describe (/Users/davidle/zed-automation/node_modules/jest-jasmine2/build/jasmine/Env.js:414:11)
                    at describe (/Users/davidle/zed-automation/node_modules/jest-jasmine2/build/jasmine/jasmineLight.js:88:18)
                    at Object.&lt;anonymous> (/Users/davidle/zed-automation/tests/generate-sub-horse.test.js:49:1)
                    at Runtime._execModule (/Users/davidle/zed-automation/node_modules/jest-runtime/build/index.js:1299:24)
                    at Runtime._loadModule (/Users/davidle/zed-automation/node_modules/jest-runtime/build/index.js:898:12)
                    at Runtime.requireModule (/Users/davidle/zed-automation/node_modules/jest-runtime/build/index.js:746:10)
                    at jasmine2 (/Users/davidle/zed-automation/node_modules/jest-jasmine2/build/index.js:230:13)
                    at runTestInternal (/Users/davidle/zed-automation/node_modules/jest-runner/build/runTest.js:380:22)</stack-trace>
            </failure>
        </test-case>
        <test-case start='1611407226202' status='failed' stop='1611407256204'>
            <name>Select female horse</name>
            <title>Select female horse</title>
            <labels/>
            <parameters/>
            <steps/>
            <attachments/>
            <failure>
                <message>: Timeout - Async callback was not invoked within the 30000 ms timeout specified by jest.setTimeout.</message>
                <stack-trace>Timeout - Async callback was not invoked within the 30000 ms timeout specified by jest.setTimeout.Error: 
                    at new Spec (/Users/davidle/zed-automation/node_modules/jest-jasmine2/build/jasmine/Spec.js:116:22)
                    at new Spec (/Users/davidle/zed-automation/node_modules/jest-jasmine2/build/setup_jest_globals.js:78:9)
                    at specFactory (/Users/davidle/zed-automation/node_modules/jest-jasmine2/build/jasmine/Env.js:523:24)
                    at Env.it (/Users/davidle/zed-automation/node_modules/jest-jasmine2/build/jasmine/Env.js:592:24)
                    at Env.it (/Users/davidle/zed-automation/node_modules/jest-jasmine2/build/jasmineAsyncInstall.js:134:23)
                    at it (/Users/davidle/zed-automation/node_modules/jest-jasmine2/build/jasmine/jasmineLight.js:100:21)
                    at test (/Users/davidle/zed-automation/node_modules/jest-retries/src/retry.js:28:5)
                    at Suite.Object.&lt;anonymous>.describe (/Users/davidle/zed-automation/tests/generate-sub-horse.test.js:106:3)
                    at addSpecsToSuite (/Users/davidle/zed-automation/node_modules/jest-jasmine2/build/jasmine/Env.js:444:51)
                    at Env.describe (/Users/davidle/zed-automation/node_modules/jest-jasmine2/build/jasmine/Env.js:414:11)
                    at describe (/Users/davidle/zed-automation/node_modules/jest-jasmine2/build/jasmine/jasmineLight.js:88:18)
                    at Object.&lt;anonymous> (/Users/davidle/zed-automation/tests/generate-sub-horse.test.js:49:1)
                    at Runtime._execModule (/Users/davidle/zed-automation/node_modules/jest-runtime/build/index.js:1299:24)
                    at Runtime._loadModule (/Users/davidle/zed-automation/node_modules/jest-runtime/build/index.js:898:12)
                    at Runtime.requireModule (/Users/davidle/zed-automation/node_modules/jest-runtime/build/index.js:746:10)
                    at jasmine2 (/Users/davidle/zed-automation/node_modules/jest-jasmine2/build/index.js:230:13)
                    at runTestInternal (/Users/davidle/zed-automation/node_modules/jest-runner/build/runTest.js:380:22)</stack-trace>
            </failure>
        </test-case>
        <test-case start='1611407256204' status='failed' stop='1611407286206'>
            <name>Proceed breeding steps</name>
            <title>Proceed breeding steps</title>
            <labels/>
            <parameters/>
            <steps/>
            <attachments/>
            <failure>
                <message>: Timeout - Async callback was not invoked within the 30000 ms timeout specified by jest.setTimeout.</message>
                <stack-trace>Timeout - Async callback was not invoked within the 30000 ms timeout specified by jest.setTimeout.Error: 
                    at new Spec (/Users/davidle/zed-automation/node_modules/jest-jasmine2/build/jasmine/Spec.js:116:22)
                    at new Spec (/Users/davidle/zed-automation/node_modules/jest-jasmine2/build/setup_jest_globals.js:78:9)
                    at specFactory (/Users/davidle/zed-automation/node_modules/jest-jasmine2/build/jasmine/Env.js:523:24)
                    at Env.it (/Users/davidle/zed-automation/node_modules/jest-jasmine2/build/jasmine/Env.js:592:24)
                    at Env.it (/Users/davidle/zed-automation/node_modules/jest-jasmine2/build/jasmineAsyncInstall.js:134:23)
                    at it (/Users/davidle/zed-automation/node_modules/jest-jasmine2/build/jasmine/jasmineLight.js:100:21)
                    at test (/Users/davidle/zed-automation/node_modules/jest-retries/src/retry.js:28:5)
                    at Suite.Object.&lt;anonymous>.describe (/Users/davidle/zed-automation/tests/generate-sub-horse.test.js:118:3)
                    at addSpecsToSuite (/Users/davidle/zed-automation/node_modules/jest-jasmine2/build/jasmine/Env.js:444:51)
                    at Env.describe (/Users/davidle/zed-automation/node_modules/jest-jasmine2/build/jasmine/Env.js:414:11)
                    at describe (/Users/davidle/zed-automation/node_modules/jest-jasmine2/build/jasmine/jasmineLight.js:88:18)
                    at Object.&lt;anonymous> (/Users/davidle/zed-automation/tests/generate-sub-horse.test.js:49:1)
                    at Runtime._execModule (/Users/davidle/zed-automation/node_modules/jest-runtime/build/index.js:1299:24)
                    at Runtime._loadModule (/Users/davidle/zed-automation/node_modules/jest-runtime/build/index.js:898:12)
                    at Runtime.requireModule (/Users/davidle/zed-automation/node_modules/jest-runtime/build/index.js:746:10)
                    at jasmine2 (/Users/davidle/zed-automation/node_modules/jest-jasmine2/build/index.js:230:13)
                    at runTestInternal (/Users/davidle/zed-automation/node_modules/jest-runner/build/runTest.js:380:22)</stack-trace>
            </failure>
        </test-case>
        <test-case start='1611407286206' status='failed' stop='1611407311123'>
            <name>Go to Activity page and check if we breed successfully</name>
            <title>Go to Activity page and check if we breed successfully</title>
            <labels/>
            <parameters/>
            <steps/>
            <attachments/>
            <failure>
                <message>Error: Unable to launch the url </message>
                <stack-trace>Error: Unable to launch the url 
                    at LoginPage.navigate (/Users/davidle/zed-automation/pages/LoginPage.js:28:13)</stack-trace>
            </failure>
        </test-case>
    </test-cases>
</ns2:test-suite>