<?xml version='1.0'?>
<ns2:test-suite xmlns:ns2='urn:model.allure.qatools.yandex.ru' start='1611682700945' stop='1611682730462'>
    <name>Login to ZedRun with Metamask</name>
    <title>Login to ZedRun with Metamask</title>
    <test-cases>
        <test-case start='1611682700946' status='passed' stop='1611682710443'>
            <name>Update metamask info</name>
            <title>Update metamask info</title>
            <labels/>
            <parameters/>
            <steps/>
            <attachments/>
        </test-case>
        <test-case start='1611682710443' status='failed' stop='1611682720452'>
            <name>Open ZedRun page and click Connnect Metamask</name>
            <title>Open ZedRun page and click Connnect Metamask</title>
            <labels/>
            <parameters/>
            <steps/>
            <attachments/>
            <failure>
                <message>: Timeout - Async callback was not invoked within the 10000 ms timeout specified by jest.setTimeout.</message>
                <stack-trace>Timeout - Async callback was not invoked within the 10000 ms timeout specified by jest.setTimeout.Error: 
                    at new Spec (/Users/davidle/qa-automationtest/node_modules/jest-jasmine2/build/jasmine/Spec.js:116:22)
                    at new Spec (/Users/davidle/qa-automationtest/node_modules/jest-jasmine2/build/setup_jest_globals.js:78:9)
                    at specFactory (/Users/davidle/qa-automationtest/node_modules/jest-jasmine2/build/jasmine/Env.js:523:24)
                    at Env.it (/Users/davidle/qa-automationtest/node_modules/jest-jasmine2/build/jasmine/Env.js:592:24)
                    at Env.it (/Users/davidle/qa-automationtest/node_modules/jest-jasmine2/build/jasmineAsyncInstall.js:134:23)
                    at it (/Users/davidle/qa-automationtest/node_modules/jest-jasmine2/build/jasmine/jasmineLight.js:100:21)
                    at test (/Users/davidle/qa-automationtest/node_modules/jest-retries/src/retry.js:28:5)
                    at Suite.Object.&lt;anonymous>.describe (/Users/davidle/qa-automationtest/tests/login/register.test.js:59:3)
                    at addSpecsToSuite (/Users/davidle/qa-automationtest/node_modules/jest-jasmine2/build/jasmine/Env.js:444:51)
                    at Env.describe (/Users/davidle/qa-automationtest/node_modules/jest-jasmine2/build/jasmine/Env.js:414:11)
                    at describe (/Users/davidle/qa-automationtest/node_modules/jest-jasmine2/build/jasmine/jasmineLight.js:88:18)
                    at Object.&lt;anonymous> (/Users/davidle/qa-automationtest/tests/login/register.test.js:39:1)
                    at Runtime._execModule (/Users/davidle/qa-automationtest/node_modules/jest-runtime/build/index.js:1299:24)
                    at Runtime._loadModule (/Users/davidle/qa-automationtest/node_modules/jest-runtime/build/index.js:898:12)
                    at Runtime.requireModule (/Users/davidle/qa-automationtest/node_modules/jest-runtime/build/index.js:746:10)
                    at jasmine2 (/Users/davidle/qa-automationtest/node_modules/jest-jasmine2/build/index.js:230:13)
                    at runTestInternal (/Users/davidle/qa-automationtest/node_modules/jest-runner/build/runTest.js:380:22)
                    at process._tickCallback (internal/process/next_tick.js:68:7)</stack-trace>
            </failure>
        </test-case>
        <test-case start='1611682720453' status='failed' stop='1611682730461'>
            <name>Check that avatar is shown</name>
            <title>Check that avatar is shown</title>
            <labels/>
            <parameters/>
            <steps/>
            <attachments/>
            <failure>
                <message>: Timeout - Async callback was not invoked within the 10000 ms timeout specified by jest.setTimeout.</message>
                <stack-trace>Timeout - Async callback was not invoked within the 10000 ms timeout specified by jest.setTimeout.Error: 
                    at new Spec (/Users/davidle/qa-automationtest/node_modules/jest-jasmine2/build/jasmine/Spec.js:116:22)
                    at new Spec (/Users/davidle/qa-automationtest/node_modules/jest-jasmine2/build/setup_jest_globals.js:78:9)
                    at specFactory (/Users/davidle/qa-automationtest/node_modules/jest-jasmine2/build/jasmine/Env.js:523:24)
                    at Env.it (/Users/davidle/qa-automationtest/node_modules/jest-jasmine2/build/jasmine/Env.js:592:24)
                    at Env.it (/Users/davidle/qa-automationtest/node_modules/jest-jasmine2/build/jasmineAsyncInstall.js:134:23)
                    at it (/Users/davidle/qa-automationtest/node_modules/jest-jasmine2/build/jasmine/jasmineLight.js:100:21)
                    at test (/Users/davidle/qa-automationtest/node_modules/jest-retries/src/retry.js:28:5)
                    at Suite.Object.&lt;anonymous>.describe (/Users/davidle/qa-automationtest/tests/login/register.test.js:79:3)
                    at addSpecsToSuite (/Users/davidle/qa-automationtest/node_modules/jest-jasmine2/build/jasmine/Env.js:444:51)
                    at Env.describe (/Users/davidle/qa-automationtest/node_modules/jest-jasmine2/build/jasmine/Env.js:414:11)
                    at describe (/Users/davidle/qa-automationtest/node_modules/jest-jasmine2/build/jasmine/jasmineLight.js:88:18)
                    at Object.&lt;anonymous> (/Users/davidle/qa-automationtest/tests/login/register.test.js:39:1)
                    at Runtime._execModule (/Users/davidle/qa-automationtest/node_modules/jest-runtime/build/index.js:1299:24)
                    at Runtime._loadModule (/Users/davidle/qa-automationtest/node_modules/jest-runtime/build/index.js:898:12)
                    at Runtime.requireModule (/Users/davidle/qa-automationtest/node_modules/jest-runtime/build/index.js:746:10)
                    at jasmine2 (/Users/davidle/qa-automationtest/node_modules/jest-jasmine2/build/index.js:230:13)
                    at runTestInternal (/Users/davidle/qa-automationtest/node_modules/jest-runner/build/runTest.js:380:22)
                    at process._tickCallback (internal/process/next_tick.js:68:7)</stack-trace>
            </failure>
        </test-case>
    </test-cases>
</ns2:test-suite>