<?xml version='1.0'?>
<ns2:test-suite xmlns:ns2='urn:model.allure.qatools.yandex.ru' start='1617812372094' stop='1617813150973'>
    <name>Generate stud horse when logging in Metamask</name>
    <title>Generate stud horse when logging in Metamask</title>
    <test-cases>
        <test-case start='1617812372094' status='failed' stop='1617812492120'>
            <name>Update metamask info</name>
            <title>Update metamask info</title>
            <labels/>
            <parameters/>
            <steps/>
            <attachments/>
            <failure>
                <message>: Timeout - Async callback was not invoked within the 120000 ms timeout specified by jest.setTimeout.</message>
                <stack-trace>Timeout - Async callback was not invoked within the 120000 ms timeout specified by jest.setTimeout.Error: 
                    at new Spec (/Users/davidle/zed-automation/node_modules/jest-jasmine2/build/jasmine/Spec.js:116:22)
                    at new Spec (/Users/davidle/zed-automation/node_modules/jest-jasmine2/build/setup_jest_globals.js:78:9)
                    at specFactory (/Users/davidle/zed-automation/node_modules/jest-jasmine2/build/jasmine/Env.js:523:24)
                    at Env.it (/Users/davidle/zed-automation/node_modules/jest-jasmine2/build/jasmine/Env.js:592:24)
                    at Env.it (/Users/davidle/zed-automation/node_modules/jest-jasmine2/build/jasmineAsyncInstall.js:134:23)
                    at it (/Users/davidle/zed-automation/node_modules/jest-jasmine2/build/jasmine/jasmineLight.js:100:21)
                    at test (/Users/davidle/zed-automation/node_modules/jest-retries/src/retry.js:28:5)
                    at Suite.Object.&lt;anonymous>.describe (/Users/davidle/zed-automation/tests/stud-service/metamask-stud-generate-horse.test.js:45:3)
                    at addSpecsToSuite (/Users/davidle/zed-automation/node_modules/jest-jasmine2/build/jasmine/Env.js:444:51)
                    at Env.describe (/Users/davidle/zed-automation/node_modules/jest-jasmine2/build/jasmine/Env.js:414:11)
                    at describe (/Users/davidle/zed-automation/node_modules/jest-jasmine2/build/jasmine/jasmineLight.js:88:18)
                    at Object.&lt;anonymous> (/Users/davidle/zed-automation/tests/stud-service/metamask-stud-generate-horse.test.js:44:1)
                    at Runtime._execModule (/Users/davidle/zed-automation/node_modules/jest-runtime/build/index.js:1299:24)
                    at Runtime._loadModule (/Users/davidle/zed-automation/node_modules/jest-runtime/build/index.js:898:12)
                    at Runtime.requireModule (/Users/davidle/zed-automation/node_modules/jest-runtime/build/index.js:746:10)
                    at jasmine2 (/Users/davidle/zed-automation/node_modules/jest-jasmine2/build/index.js:230:13)
                    at runTestInternal (/Users/davidle/zed-automation/node_modules/jest-runner/build/runTest.js:380:22)</stack-trace>
            </failure>
        </test-case>
        <test-case start='1617812492120' status='failed' stop='1617812501829'>
            <name>Open ZedRun page and click Connnect Metamask</name>
            <title>Open ZedRun page and click Connnect Metamask</title>
            <labels/>
            <parameters/>
            <steps/>
            <attachments/>
            <failure>
                <message>Error: Error button is not shown or clickable</message>
                <stack-trace>Error: Error button is not shown or clickable
                    at MetamaskNotificationPage.clickOnNextButton (/Users/davidle/zed-automation/pages/MetamaskNotification.js:20:13)</stack-trace>
            </failure>
        </test-case>
        <test-case start='1617812501829' status='failed' stop='1617812546831'>
            <name>Check that avatar is shown then click on Breeding link</name>
            <title>Check that avatar is shown then click on Breeding link</title>
            <labels/>
            <parameters/>
            <steps/>
            <attachments/>
            <failure>
                <message>Error: Element is not present yet!</message>
                <stack-trace>Error: Element is not present yet!
                    at HomePage.waitForBalanceInfoToBeShown (/Users/davidle/zed-automation/pages/HomePage.js:130:13)</stack-trace>
            </failure>
        </test-case>
        <test-case start='1617812546831' status='failed' stop='1617812666844'>
            <name>Select mate horse</name>
            <title>Select mate horse</title>
            <labels/>
            <parameters/>
            <steps/>
            <attachments/>
            <failure>
                <message>: Timeout - Async callback was not invoked within the 120000 ms timeout specified by jest.setTimeout.</message>
                <stack-trace>Timeout - Async callback was not invoked within the 120000 ms timeout specified by jest.setTimeout.Error: 
                    at new Spec (/Users/davidle/zed-automation/node_modules/jest-jasmine2/build/jasmine/Spec.js:116:22)
                    at new Spec (/Users/davidle/zed-automation/node_modules/jest-jasmine2/build/setup_jest_globals.js:78:9)
                    at specFactory (/Users/davidle/zed-automation/node_modules/jest-jasmine2/build/jasmine/Env.js:523:24)
                    at Env.it (/Users/davidle/zed-automation/node_modules/jest-jasmine2/build/jasmine/Env.js:592:24)
                    at Env.it (/Users/davidle/zed-automation/node_modules/jest-jasmine2/build/jasmineAsyncInstall.js:134:23)
                    at it (/Users/davidle/zed-automation/node_modules/jest-jasmine2/build/jasmine/jasmineLight.js:100:21)
                    at test (/Users/davidle/zed-automation/node_modules/jest-retries/src/retry.js:28:5)
                    at Suite.Object.&lt;anonymous>.describe (/Users/davidle/zed-automation/tests/stud-service/metamask-stud-generate-horse.test.js:101:3)
                    at addSpecsToSuite (/Users/davidle/zed-automation/node_modules/jest-jasmine2/build/jasmine/Env.js:444:51)
                    at Env.describe (/Users/davidle/zed-automation/node_modules/jest-jasmine2/build/jasmine/Env.js:414:11)
                    at describe (/Users/davidle/zed-automation/node_modules/jest-jasmine2/build/jasmine/jasmineLight.js:88:18)
                    at Object.&lt;anonymous> (/Users/davidle/zed-automation/tests/stud-service/metamask-stud-generate-horse.test.js:44:1)
                    at Runtime._execModule (/Users/davidle/zed-automation/node_modules/jest-runtime/build/index.js:1299:24)
                    at Runtime._loadModule (/Users/davidle/zed-automation/node_modules/jest-runtime/build/index.js:898:12)
                    at Runtime.requireModule (/Users/davidle/zed-automation/node_modules/jest-runtime/build/index.js:746:10)
                    at jasmine2 (/Users/davidle/zed-automation/node_modules/jest-jasmine2/build/index.js:230:13)
                    at runTestInternal (/Users/davidle/zed-automation/node_modules/jest-runner/build/runTest.js:380:22)</stack-trace>
            </failure>
        </test-case>
        <test-case start='1617812666844' status='failed' stop='1617812786847'>
            <name>Select female horse</name>
            <title>Select female horse</title>
            <labels/>
            <parameters/>
            <steps/>
            <attachments/>
            <failure>
                <message>: Timeout - Async callback was not invoked within the 120000 ms timeout specified by jest.setTimeout.</message>
                <stack-trace>Timeout - Async callback was not invoked within the 120000 ms timeout specified by jest.setTimeout.Error: 
                    at new Spec (/Users/davidle/zed-automation/node_modules/jest-jasmine2/build/jasmine/Spec.js:116:22)
                    at new Spec (/Users/davidle/zed-automation/node_modules/jest-jasmine2/build/setup_jest_globals.js:78:9)
                    at specFactory (/Users/davidle/zed-automation/node_modules/jest-jasmine2/build/jasmine/Env.js:523:24)
                    at Env.it (/Users/davidle/zed-automation/node_modules/jest-jasmine2/build/jasmine/Env.js:592:24)
                    at Env.it (/Users/davidle/zed-automation/node_modules/jest-jasmine2/build/jasmineAsyncInstall.js:134:23)
                    at it (/Users/davidle/zed-automation/node_modules/jest-jasmine2/build/jasmine/jasmineLight.js:100:21)
                    at test (/Users/davidle/zed-automation/node_modules/jest-retries/src/retry.js:28:5)
                    at Suite.Object.&lt;anonymous>.describe (/Users/davidle/zed-automation/tests/stud-service/metamask-stud-generate-horse.test.js:114:3)
                    at addSpecsToSuite (/Users/davidle/zed-automation/node_modules/jest-jasmine2/build/jasmine/Env.js:444:51)
                    at Env.describe (/Users/davidle/zed-automation/node_modules/jest-jasmine2/build/jasmine/Env.js:414:11)
                    at describe (/Users/davidle/zed-automation/node_modules/jest-jasmine2/build/jasmine/jasmineLight.js:88:18)
                    at Object.&lt;anonymous> (/Users/davidle/zed-automation/tests/stud-service/metamask-stud-generate-horse.test.js:44:1)
                    at Runtime._execModule (/Users/davidle/zed-automation/node_modules/jest-runtime/build/index.js:1299:24)
                    at Runtime._loadModule (/Users/davidle/zed-automation/node_modules/jest-runtime/build/index.js:898:12)
                    at Runtime.requireModule (/Users/davidle/zed-automation/node_modules/jest-runtime/build/index.js:746:10)
                    at jasmine2 (/Users/davidle/zed-automation/node_modules/jest-jasmine2/build/index.js:230:13)
                    at runTestInternal (/Users/davidle/zed-automation/node_modules/jest-runner/build/runTest.js:380:22)</stack-trace>
            </failure>
        </test-case>
        <test-case start='1617812786847' status='failed' stop='1617812906849'>
            <name>Proceed breeding steps</name>
            <title>Proceed breeding steps</title>
            <labels/>
            <parameters/>
            <steps/>
            <attachments/>
            <failure>
                <message>: Timeout - Async callback was not invoked within the 120000 ms timeout specified by jest.setTimeout.</message>
                <stack-trace>Timeout - Async callback was not invoked within the 120000 ms timeout specified by jest.setTimeout.Error: 
                    at new Spec (/Users/davidle/zed-automation/node_modules/jest-jasmine2/build/jasmine/Spec.js:116:22)
                    at new Spec (/Users/davidle/zed-automation/node_modules/jest-jasmine2/build/setup_jest_globals.js:78:9)
                    at specFactory (/Users/davidle/zed-automation/node_modules/jest-jasmine2/build/jasmine/Env.js:523:24)
                    at Env.it (/Users/davidle/zed-automation/node_modules/jest-jasmine2/build/jasmine/Env.js:592:24)
                    at Env.it (/Users/davidle/zed-automation/node_modules/jest-jasmine2/build/jasmineAsyncInstall.js:134:23)
                    at it (/Users/davidle/zed-automation/node_modules/jest-jasmine2/build/jasmine/jasmineLight.js:100:21)
                    at test (/Users/davidle/zed-automation/node_modules/jest-retries/src/retry.js:28:5)
                    at Suite.Object.&lt;anonymous>.describe (/Users/davidle/zed-automation/tests/stud-service/metamask-stud-generate-horse.test.js:130:3)
                    at addSpecsToSuite (/Users/davidle/zed-automation/node_modules/jest-jasmine2/build/jasmine/Env.js:444:51)
                    at Env.describe (/Users/davidle/zed-automation/node_modules/jest-jasmine2/build/jasmine/Env.js:414:11)
                    at describe (/Users/davidle/zed-automation/node_modules/jest-jasmine2/build/jasmine/jasmineLight.js:88:18)
                    at Object.&lt;anonymous> (/Users/davidle/zed-automation/tests/stud-service/metamask-stud-generate-horse.test.js:44:1)
                    at Runtime._execModule (/Users/davidle/zed-automation/node_modules/jest-runtime/build/index.js:1299:24)
                    at Runtime._loadModule (/Users/davidle/zed-automation/node_modules/jest-runtime/build/index.js:898:12)
                    at Runtime.requireModule (/Users/davidle/zed-automation/node_modules/jest-runtime/build/index.js:746:10)
                    at jasmine2 (/Users/davidle/zed-automation/node_modules/jest-jasmine2/build/index.js:230:13)
                    at runTestInternal (/Users/davidle/zed-automation/node_modules/jest-runner/build/runTest.js:380:22)</stack-trace>
            </failure>
        </test-case>
        <test-case start='1617812906849' status='failed' stop='1617813026851'>
            <name>Go to Activity page and check if we breed successfully</name>
            <title>Go to Activity page and check if we breed successfully</title>
            <labels/>
            <parameters/>
            <steps/>
            <attachments/>
            <failure>
                <message>: Timeout - Async callback was not invoked within the 120000 ms timeout specified by jest.setTimeout.</message>
                <stack-trace>Timeout - Async callback was not invoked within the 120000 ms timeout specified by jest.setTimeout.Error: 
                    at new Spec (/Users/davidle/zed-automation/node_modules/jest-jasmine2/build/jasmine/Spec.js:116:22)
                    at new Spec (/Users/davidle/zed-automation/node_modules/jest-jasmine2/build/setup_jest_globals.js:78:9)
                    at specFactory (/Users/davidle/zed-automation/node_modules/jest-jasmine2/build/jasmine/Env.js:523:24)
                    at Env.it (/Users/davidle/zed-automation/node_modules/jest-jasmine2/build/jasmine/Env.js:592:24)
                    at Env.it (/Users/davidle/zed-automation/node_modules/jest-jasmine2/build/jasmineAsyncInstall.js:134:23)
                    at it (/Users/davidle/zed-automation/node_modules/jest-jasmine2/build/jasmine/jasmineLight.js:100:21)
                    at test (/Users/davidle/zed-automation/node_modules/jest-retries/src/retry.js:28:5)
                    at Suite.Object.&lt;anonymous>.describe (/Users/davidle/zed-automation/tests/stud-service/metamask-stud-generate-horse.test.js:145:3)
                    at addSpecsToSuite (/Users/davidle/zed-automation/node_modules/jest-jasmine2/build/jasmine/Env.js:444:51)
                    at Env.describe (/Users/davidle/zed-automation/node_modules/jest-jasmine2/build/jasmine/Env.js:414:11)
                    at describe (/Users/davidle/zed-automation/node_modules/jest-jasmine2/build/jasmine/jasmineLight.js:88:18)
                    at Object.&lt;anonymous> (/Users/davidle/zed-automation/tests/stud-service/metamask-stud-generate-horse.test.js:44:1)
                    at Runtime._execModule (/Users/davidle/zed-automation/node_modules/jest-runtime/build/index.js:1299:24)
                    at Runtime._loadModule (/Users/davidle/zed-automation/node_modules/jest-runtime/build/index.js:898:12)
                    at Runtime.requireModule (/Users/davidle/zed-automation/node_modules/jest-runtime/build/index.js:746:10)
                    at jasmine2 (/Users/davidle/zed-automation/node_modules/jest-jasmine2/build/index.js:230:13)
                    at runTestInternal (/Users/davidle/zed-automation/node_modules/jest-runner/build/runTest.js:380:22)</stack-trace>
            </failure>
        </test-case>
        <test-case start='1617813026851' status='failed' stop='1617813150972'>
            <name>Go to Stable page and verify there is a new horse</name>
            <title>Go to Stable page and verify there is a new horse</title>
            <labels/>
            <parameters/>
            <steps/>
            <attachments/>
            <failure>
                <message>: Timeout - Async callback was not invoked within the 120000 ms timeout specified by jest.setTimeout.</message>
                <stack-trace>Timeout - Async callback was not invoked within the 120000 ms timeout specified by jest.setTimeout.Error: 
                    at new Spec (/Users/davidle/zed-automation/node_modules/jest-jasmine2/build/jasmine/Spec.js:116:22)
                    at new Spec (/Users/davidle/zed-automation/node_modules/jest-jasmine2/build/setup_jest_globals.js:78:9)
                    at specFactory (/Users/davidle/zed-automation/node_modules/jest-jasmine2/build/jasmine/Env.js:523:24)
                    at Env.it (/Users/davidle/zed-automation/node_modules/jest-jasmine2/build/jasmine/Env.js:592:24)
                    at Env.it (/Users/davidle/zed-automation/node_modules/jest-jasmine2/build/jasmineAsyncInstall.js:134:23)
                    at it (/Users/davidle/zed-automation/node_modules/jest-jasmine2/build/jasmine/jasmineLight.js:100:21)
                    at test (/Users/davidle/zed-automation/node_modules/jest-retries/src/retry.js:28:5)
                    at Suite.Object.&lt;anonymous>.describe (/Users/davidle/zed-automation/tests/stud-service/metamask-stud-generate-horse.test.js:159:3)
                    at addSpecsToSuite (/Users/davidle/zed-automation/node_modules/jest-jasmine2/build/jasmine/Env.js:444:51)
                    at Env.describe (/Users/davidle/zed-automation/node_modules/jest-jasmine2/build/jasmine/Env.js:414:11)
                    at describe (/Users/davidle/zed-automation/node_modules/jest-jasmine2/build/jasmine/jasmineLight.js:88:18)
                    at Object.&lt;anonymous> (/Users/davidle/zed-automation/tests/stud-service/metamask-stud-generate-horse.test.js:44:1)
                    at Runtime._execModule (/Users/davidle/zed-automation/node_modules/jest-runtime/build/index.js:1299:24)
                    at Runtime._loadModule (/Users/davidle/zed-automation/node_modules/jest-runtime/build/index.js:898:12)
                    at Runtime.requireModule (/Users/davidle/zed-automation/node_modules/jest-runtime/build/index.js:746:10)
                    at jasmine2 (/Users/davidle/zed-automation/node_modules/jest-jasmine2/build/index.js:230:13)
                    at runTestInternal (/Users/davidle/zed-automation/node_modules/jest-runner/build/runTest.js:380:22)</stack-trace>
            </failure>
        </test-case>
    </test-cases>
</ns2:test-suite>