<?xml version='1.0'?>
<ns2:test-suite xmlns:ns2='urn:model.allure.qatools.yandex.ru' start='1609656893369' stop='1609656913035'>
    <name>Login to ZedRUn with magic link</name>
    <title>Login to ZedRUn with magic link</title>
    <test-cases>
        <test-case start='1609656893369' status='passed' stop='1609656909396'>
            <name>Open ZedRun page and input valid email to generate magic link</name>
            <title>Open ZedRun page and input valid email to generate magic link</title>
            <labels/>
            <parameters/>
            <steps/>
            <attachments/>
        </test-case>
        <test-case start='1609656909396' status='passed' stop='1609656911354'>
            <name>Check mail inbox to get magic link</name>
            <title>Check mail inbox to get magic link</title>
            <labels/>
            <parameters/>
            <steps/>
            <attachments/>
        </test-case>
        <test-case start='1609656911354' status='failed' stop='1609656912882'>
            <name>Open new browser with magic link</name>
            <title>Open new browser with magic link</title>
            <labels/>
            <parameters/>
            <steps/>
            <attachments/>
            <failure>
                <message>TypeError: magicLinkPage.clickToTrustMe is not a function</message>
                <stack-trace>TypeError: magicLinkPage.clickToTrustMe is not a function
                    at Object.test (/Users/davidle/qa-automationtest/tests/dual-horse-cash.test.js:48:25)</stack-trace>
            </failure>
        </test-case>
        <test-case start='1609656912882' status='failed' stop='1609656912972'>
            <name>Switch back to ZedRun page and verify login successful</name>
            <title>Switch back to ZedRun page and verify login successful</title>
            <labels/>
            <parameters/>
            <steps/>
            <attachments/>
            <failure>
                <message>TypeError: loginPage.waitForLoginFormHidden is not a function</message>
                <stack-trace>TypeError: loginPage.waitForLoginFormHidden is not a function
                    at Object.test (/Users/davidle/qa-automationtest/tests/dual-horse-cash.test.js:57:21)</stack-trace>
            </failure>
        </test-case>
        <test-case start='1609656912972' status='failed' stop='1609656913034'>
            <name>dual horse</name>
            <title>dual horse</title>
            <labels/>
            <parameters/>
            <steps/>
            <attachments/>
            <failure>
                <message>TypeError: loginPage.click is not a function</message>
                <stack-trace>TypeError: loginPage.click is not a function
                    at Object.test (/Users/davidle/qa-automationtest/tests/dual-horse-cash.test.js:64:21)</stack-trace>
            </failure>
        </test-case>
    </test-cases>
</ns2:test-suite>