{"/Users/davidle/qa-automationtest/pages/Authorization.page.ts": {"path":"/Users/davidle/qa-automationtest/pages/Authorization.page.ts","statementMap":{"0":{"start":{"line":10,"column":2},"end":{"line":35,"column":4}},"1":{"start":{"line":7,"column":4},"end":{"line":7,"column":21}},"2":{"start":{"line":38,"column":4},"end":{"line":38,"column":35}},"3":{"start":{"line":42,"column":4},"end":{"line":42,"column":27}},"4":{"start":{"line":46,"column":0},"end":{"line":46,"column":29}}},"fnMap":{"0":{"name":"(anonymous_0)","decl":{"start":{"line":6,"column":2},"end":{"line":6,"column":14}},"loc":{"start":{"line":6,"column":24},"end":{"line":8,"column":3}}},"1":{"name":"(anonymous_1)","decl":{"start":{"line":37,"column":2},"end":{"line":37,"column":7}},"loc":{"start":{"line":37,"column":20},"end":{"line":39,"column":3}}},"2":{"name":"(anonymous_2)","decl":{"start":{"line":41,"column":2},"end":{"line":41,"column":7}},"loc":{"start":{"line":41,"column":18},"end":{"line":43,"column":3}}}},"branchMap":{},"s":{"0":0,"1":0,"2":0,"3":0,"4":1},"f":{"0":0,"1":0,"2":0},"b":{}}
}
