{"/Users/hienhoang/Documents/zed-automation/pages/Authorization.page.ts": {"path":"/Users/hienhoang/Documents/zed-automation/pages/Authorization.page.ts","statementMap":{"0":{"start":{"line":10,"column":2},"end":{"line":35,"column":4}},"1":{"start":{"line":7,"column":4},"end":{"line":7,"column":21}},"2":{"start":{"line":38,"column":4},"end":{"line":38,"column":35}},"3":{"start":{"line":42,"column":4},"end":{"line":42,"column":27}},"4":{"start":{"line":46,"column":0},"end":{"line":46,"column":29}}},"fnMap":{"0":{"name":"(anonymous_0)","decl":{"start":{"line":6,"column":2},"end":{"line":6,"column":14}},"loc":{"start":{"line":6,"column":24},"end":{"line":8,"column":3}}},"1":{"name":"(anonymous_1)","decl":{"start":{"line":37,"column":2},"end":{"line":37,"column":7}},"loc":{"start":{"line":37,"column":20},"end":{"line":39,"column":3}}},"2":{"name":"(anonymous_2)","decl":{"start":{"line":41,"column":2},"end":{"line":41,"column":7}},"loc":{"start":{"line":41,"column":18},"end":{"line":43,"column":3}}}},"branchMap":{},"s":{"0":1,"1":1,"2":0,"3":0,"4":1},"f":{"0":1,"1":0,"2":0},"b":{}}
,"/Users/hienhoang/Documents/zed-automation/pages/Metamask.module.ts": {"path":"/Users/hienhoang/Documents/zed-automation/pages/Metamask.module.ts","statementMap":{"0":{"start":{"line":1,"column":0},"end":{"line":1,"column":60}},"1":{"start":{"line":2,"column":0},"end":{"line":2,"column":44}},"2":{"start":{"line":4,"column":24},"end":{"line":6,"column":null}},"3":{"start":{"line":8,"column":20},"end":{"line":8,"column":53}},"4":{"start":{"line":9,"column":11},"end":{"line":9,"column":30}},"5":{"start":{"line":17,"column":2},"end":{"line":50,"column":4}},"6":{"start":{"line":53,"column":4},"end":{"line":55,"column":7}},"7":{"start":{"line":54,"column":6},"end":{"line":54,"column":41}},"8":{"start":{"line":54,"column":15},"end":{"line":54,"column":41}},"9":{"start":{"line":56,"column":4},"end":{"line":68,"column":7}},"10":{"start":{"line":69,"column":4},"end":{"line":69,"column":null}},"11":{"start":{"line":70,"column":4},"end":{"line":70,"column":31}},"12":{"start":{"line":74,"column":4},"end":{"line":77,"column":7}},"13":{"start":{"line":78,"column":4},"end":{"line":78,"column":39}},"14":{"start":{"line":79,"column":4},"end":{"line":79,"column":45}},"15":{"start":{"line":80,"column":4},"end":{"line":80,"column":39}},"16":{"start":{"line":81,"column":4},"end":{"line":81,"column":33}},"17":{"start":{"line":82,"column":4},"end":{"line":82,"column":65}},"18":{"start":{"line":83,"column":4},"end":{"line":83,"column":68}},"19":{"start":{"line":84,"column":4},"end":{"line":84,"column":62}},"20":{"start":{"line":85,"column":4},"end":{"line":88,"column":6}},"21":{"start":{"line":89,"column":4},"end":{"line":89,"column":78}},"22":{"start":{"line":90,"column":4},"end":{"line":93,"column":6}},"23":{"start":{"line":94,"column":4},"end":{"line":94,"column":66}},"24":{"start":{"line":95,"column":4},"end":{"line":95,"column":62}},"25":{"start":{"line":96,"column":4},"end":{"line":96,"column":63}},"26":{"start":{"line":97,"column":4},"end":{"line":97,"column":61}},"27":{"start":{"line":98,"column":4},"end":{"line":98,"column":67}},"28":{"start":{"line":99,"column":4},"end":{"line":99,"column":69}},"29":{"start":{"line":100,"column":4},"end":{"line":100,"column":39}},"30":{"start":{"line":101,"column":4},"end":{"line":101,"column":43}},"31":{"start":{"line":102,"column":4},"end":{"line":102,"column":43}},"32":{"start":{"line":103,"column":4},"end":{"line":103,"column":56}},"33":{"start":{"line":104,"column":22},"end":{"line":107,"column":6}},"34":{"start":{"line":108,"column":4},"end":{"line":108,"column":37}},"35":{"start":{"line":109,"column":4},"end":{"line":109,"column":43}},"36":{"start":{"line":111,"column":4},"end":{"line":111,"column":39}},"37":{"start":{"line":112,"column":4},"end":{"line":112,"column":60}},"38":{"start":{"line":113,"column":4},"end":{"line":113,"column":63}},"39":{"start":{"line":114,"column":4},"end":{"line":114,"column":45}},"40":{"start":{"line":115,"column":4},"end":{"line":115,"column":60}},"41":{"start":{"line":116,"column":4},"end":{"line":116,"column":39}},"42":{"start":{"line":117,"column":4},"end":{"line":117,"column":32}},"43":{"start":{"line":118,"column":4},"end":{"line":118,"column":45}},"44":{"start":{"line":119,"column":4},"end":{"line":119,"column":22}},"45":{"start":{"line":123,"column":22},"end":{"line":126,"column":6}},"46":{"start":{"line":127,"column":4},"end":{"line":127,"column":37}},"47":{"start":{"line":128,"column":4},"end":{"line":128,"column":43}},"48":{"start":{"line":129,"column":4},"end":{"line":129,"column":39}},"49":{"start":{"line":130,"column":4},"end":{"line":130,"column":33}},"50":{"start":{"line":131,"column":4},"end":{"line":131,"column":45}},"51":{"start":{"line":132,"column":4},"end":{"line":132,"column":84}},"52":{"start":{"line":133,"column":4},"end":{"line":133,"column":74}},"53":{"start":{"line":134,"column":4},"end":{"line":134,"column":39}},"54":{"start":{"line":135,"column":4},"end":{"line":135,"column":46}},"55":{"start":{"line":139,"column":22},"end":{"line":142,"column":4}},"56":{"start":{"line":143,"column":4},"end":{"line":143,"column":37}},"57":{"start":{"line":144,"column":4},"end":{"line":144,"column":43}},"58":{"start":{"line":145,"column":4},"end":{"line":145,"column":39}},"59":{"start":{"line":146,"column":4},"end":{"line":146,"column":45}},"60":{"start":{"line":147,"column":4},"end":{"line":147,"column":84}},"61":{"start":{"line":148,"column":4},"end":{"line":148,"column":74}},"62":{"start":{"line":149,"column":4},"end":{"line":149,"column":45}},"63":{"start":{"line":150,"column":4},"end":{"line":150,"column":39}},"64":{"start":{"line":151,"column":4},"end":{"line":151,"column":46}},"65":{"start":{"line":155,"column":22},"end":{"line":158,"column":6}},"66":{"start":{"line":159,"column":4},"end":{"line":159,"column":37}},"67":{"start":{"line":160,"column":4},"end":{"line":160,"column":43}},"68":{"start":{"line":161,"column":4},"end":{"line":161,"column":39}},"69":{"start":{"line":162,"column":4},"end":{"line":162,"column":45}},"70":{"start":{"line":163,"column":4},"end":{"line":163,"column":76}},"71":{"start":{"line":164,"column":4},"end":{"line":164,"column":66}},"72":{"start":{"line":165,"column":4},"end":{"line":165,"column":45}},"73":{"start":{"line":166,"column":4},"end":{"line":166,"column":39}},"74":{"start":{"line":167,"column":4},"end":{"line":167,"column":46}},"75":{"start":{"line":171,"column":22},"end":{"line":174,"column":6}},"76":{"start":{"line":175,"column":4},"end":{"line":175,"column":37}},"77":{"start":{"line":176,"column":4},"end":{"line":176,"column":43}},"78":{"start":{"line":177,"column":4},"end":{"line":177,"column":39}},"79":{"start":{"line":178,"column":4},"end":{"line":178,"column":45}},"80":{"start":{"line":179,"column":4},"end":{"line":179,"column":73}},"81":{"start":{"line":180,"column":4},"end":{"line":180,"column":63}},"82":{"start":{"line":181,"column":4},"end":{"line":181,"column":45}},"83":{"start":{"line":182,"column":4},"end":{"line":182,"column":39}},"84":{"start":{"line":183,"column":4},"end":{"line":183,"column":46}},"85":{"start":{"line":187,"column":4},"end":{"line":190,"column":7}},"86":{"start":{"line":191,"column":4},"end":{"line":191,"column":39}},"87":{"start":{"line":192,"column":4},"end":{"line":192,"column":45}},"88":{"start":{"line":193,"column":4},"end":{"line":193,"column":39}},"89":{"start":{"line":194,"column":4},"end":{"line":194,"column":88}},"90":{"start":{"line":195,"column":4},"end":{"line":195,"column":108}},"91":{"start":{"line":199,"column":4},"end":{"line":199,"column":24}},"92":{"start":{"line":200,"column":4},"end":{"line":200,"column":29}},"93":{"start":{"line":201,"column":4},"end":{"line":201,"column":39}},"94":{"start":{"line":202,"column":4},"end":{"line":202,"column":25}},"95":{"start":{"line":206,"column":0},"end":{"line":206,"column":24}}},"fnMap":{"0":{"name":"(anonymous_6)","decl":{"start":{"line":11,"column":0},"end":{"line":11,"column":6}},"loc":{"start":{"line":11,"column":0},"end":{"line":204,"column":1}}},"1":{"name":"(anonymous_7)","decl":{"start":{"line":52,"column":2},"end":{"line":52,"column":7}},"loc":{"start":{"line":52,"column":12},"end":{"line":71,"column":3}}},"2":{"name":"(anonymous_8)","decl":{"start":{"line":53,"column":33},"end":{"line":53,"column":34}},"loc":{"start":{"line":53,"column":46},"end":{"line":55,"column":5}}},"3":{"name":"(anonymous_9)","decl":{"start":{"line":73,"column":2},"end":{"line":73,"column":7}},"loc":{"start":{"line":73,"column":51},"end":{"line":120,"column":3}}},"4":{"name":"(anonymous_10)","decl":{"start":{"line":122,"column":2},"end":{"line":122,"column":7}},"loc":{"start":{"line":122,"column":57},"end":{"line":136,"column":3}}},"5":{"name":"(anonymous_11)","decl":{"start":{"line":138,"column":2},"end":{"line":138,"column":7}},"loc":{"start":{"line":138,"column":57},"end":{"line":152,"column":3}}},"6":{"name":"(anonymous_12)","decl":{"start":{"line":154,"column":2},"end":{"line":154,"column":7}},"loc":{"start":{"line":154,"column":56},"end":{"line":168,"column":3}}},"7":{"name":"(anonymous_13)","decl":{"start":{"line":170,"column":2},"end":{"line":170,"column":7}},"loc":{"start":{"line":170,"column":58},"end":{"line":184,"column":3}}},"8":{"name":"(anonymous_14)","decl":{"start":{"line":186,"column":2},"end":{"line":186,"column":7}},"loc":{"start":{"line":186,"column":67},"end":{"line":196,"column":3}}},"9":{"name":"(anonymous_15)","decl":{"start":{"line":198,"column":2},"end":{"line":198,"column":7}},"loc":{"start":{"line":198,"column":48},"end":{"line":203,"column":3}}}},"branchMap":{"0":{"loc":{"start":{"line":54,"column":6},"end":{"line":54,"column":41}},"type":"if","locations":[{"start":{"line":54,"column":6},"end":{"line":54,"column":41}}]}},"s":{"0":1,"1":1,"2":1,"3":1,"4":1,"5":1,"6":1,"7":1,"8":1,"9":1,"10":1,"11":1,"12":1,"13":1,"14":1,"15":1,"16":1,"17":1,"18":1,"19":1,"20":1,"21":1,"22":1,"23":1,"24":1,"25":1,"26":1,"27":1,"28":1,"29":1,"30":1,"31":1,"32":1,"33":1,"34":1,"35":1,"36":1,"37":1,"38":1,"39":1,"40":1,"41":1,"42":1,"43":1,"44":1,"45":0,"46":0,"47":0,"48":0,"49":0,"50":0,"51":0,"52":0,"53":0,"54":0,"55":0,"56":0,"57":0,"58":0,"59":0,"60":0,"61":0,"62":0,"63":0,"64":0,"65":0,"66":0,"67":0,"68":0,"69":0,"70":0,"71":0,"72":0,"73":0,"74":0,"75":0,"76":0,"77":0,"78":0,"79":0,"80":0,"81":0,"82":0,"83":0,"84":0,"85":0,"86":0,"87":0,"88":0,"89":0,"90":0,"91":1,"92":0,"93":0,"94":0,"95":1},"f":{"0":1,"1":1,"2":1,"3":1,"4":0,"5":0,"6":0,"7":0,"8":0,"9":1},"b":{"0":[1]}}
,"/Users/hienhoang/Documents/zed-automation/pages/Racing.module.ts": {"path":"/Users/hienhoang/Documents/zed-automation/pages/Racing.module.ts","statementMap":{"0":{"start":{"line":10,"column":2},"end":{"line":74,"column":4}},"1":{"start":{"line":31,"column":30},"end":{"line":31,"column":105}},"2":{"start":{"line":32,"column":33},"end":{"line":32,"column":141}},"3":{"start":{"line":33,"column":36},"end":{"line":33,"column":149}},"4":{"start":{"line":34,"column":43},"end":{"line":34,"column":191}},"5":{"start":{"line":38,"column":34},"end":{"line":38,"column":78}},"6":{"start":{"line":48,"column":39},"end":{"line":48,"column":121}},"7":{"start":{"line":49,"column":42},"end":{"line":49,"column":124}},"8":{"start":{"line":52,"column":33},"end":{"line":52,"column":74}},"9":{"start":{"line":53,"column":33},"end":{"line":53,"column":93}},"10":{"start":{"line":67,"column":33},"end":{"line":67,"column":97}},"11":{"start":{"line":68,"column":38},"end":{"line":68,"column":109}},"12":{"start":{"line":69,"column":33},"end":{"line":69,"column":97}},"13":{"start":{"line":70,"column":32},"end":{"line":70,"column":96}},"14":{"start":{"line":71,"column":28},"end":{"line":71,"column":92}},"15":{"start":{"line":72,"column":33},"end":{"line":72,"column":90}},"16":{"start":{"line":7,"column":4},"end":{"line":7,"column":21}},"17":{"start":{"line":77,"column":4},"end":{"line":77,"column":35}},"18":{"start":{"line":81,"column":4},"end":{"line":81,"column":27}},"19":{"start":{"line":86,"column":0},"end":{"line":86,"column":22}}},"fnMap":{"0":{"name":"(anonymous_0)","decl":{"start":{"line":6,"column":2},"end":{"line":6,"column":14}},"loc":{"start":{"line":6,"column":24},"end":{"line":8,"column":3}}},"1":{"name":"(anonymous_1)","decl":{"start":{"line":31,"column":14},"end":{"line":31,"column":15}},"loc":{"start":{"line":31,"column":30},"end":{"line":31,"column":105}}},"2":{"name":"(anonymous_2)","decl":{"start":{"line":32,"column":17},"end":{"line":32,"column":18}},"loc":{"start":{"line":32,"column":33},"end":{"line":32,"column":141}}},"3":{"name":"(anonymous_3)","decl":{"start":{"line":33,"column":20},"end":{"line":33,"column":21}},"loc":{"start":{"line":33,"column":36},"end":{"line":33,"column":149}}},"4":{"name":"(anonymous_4)","decl":{"start":{"line":34,"column":27},"end":{"line":34,"column":28}},"loc":{"start":{"line":34,"column":43},"end":{"line":34,"column":191}}},"5":{"name":"(anonymous_5)","decl":{"start":{"line":38,"column":18},"end":{"line":38,"column":19}},"loc":{"start":{"line":38,"column":34},"end":{"line":38,"column":78}}},"6":{"name":"(anonymous_6)","decl":{"start":{"line":48,"column":23},"end":{"line":48,"column":24}},"loc":{"start":{"line":48,"column":39},"end":{"line":48,"column":121}}},"7":{"name":"(anonymous_7)","decl":{"start":{"line":49,"column":26},"end":{"line":49,"column":27}},"loc":{"start":{"line":49,"column":42},"end":{"line":49,"column":124}}},"8":{"name":"(anonymous_8)","decl":{"start":{"line":52,"column":16},"end":{"line":52,"column":17}},"loc":{"start":{"line":52,"column":33},"end":{"line":52,"column":74}}},"9":{"name":"(anonymous_9)","decl":{"start":{"line":53,"column":16},"end":{"line":53,"column":17}},"loc":{"start":{"line":53,"column":33},"end":{"line":53,"column":93}}},"10":{"name":"(anonymous_10)","decl":{"start":{"line":67,"column":17},"end":{"line":67,"column":18}},"loc":{"start":{"line":67,"column":33},"end":{"line":67,"column":97}}},"11":{"name":"(anonymous_11)","decl":{"start":{"line":68,"column":22},"end":{"line":68,"column":23}},"loc":{"start":{"line":68,"column":38},"end":{"line":68,"column":109}}},"12":{"name":"(anonymous_12)","decl":{"start":{"line":69,"column":17},"end":{"line":69,"column":18}},"loc":{"start":{"line":69,"column":33},"end":{"line":69,"column":97}}},"13":{"name":"(anonymous_13)","decl":{"start":{"line":70,"column":16},"end":{"line":70,"column":17}},"loc":{"start":{"line":70,"column":32},"end":{"line":70,"column":96}}},"14":{"name":"(anonymous_14)","decl":{"start":{"line":71,"column":12},"end":{"line":71,"column":13}},"loc":{"start":{"line":71,"column":28},"end":{"line":71,"column":92}}},"15":{"name":"(anonymous_15)","decl":{"start":{"line":72,"column":17},"end":{"line":72,"column":18}},"loc":{"start":{"line":72,"column":33},"end":{"line":72,"column":90}}},"16":{"name":"(anonymous_16)","decl":{"start":{"line":76,"column":2},"end":{"line":76,"column":7}},"loc":{"start":{"line":76,"column":20},"end":{"line":78,"column":3}}},"17":{"name":"(anonymous_17)","decl":{"start":{"line":80,"column":2},"end":{"line":80,"column":7}},"loc":{"start":{"line":80,"column":18},"end":{"line":82,"column":3}}}},"branchMap":{"0":{"loc":{"start":{"line":52,"column":38},"end":{"line":52,"column":63}},"type":"cond-expr","locations":[{"start":{"line":52,"column":38},"end":{"line":52,"column":63}},{"start":{"line":52,"column":66},"end":{"line":52,"column":74}}]},"1":{"loc":{"start":{"line":53,"column":38},"end":{"line":53,"column":72}},"type":"cond-expr","locations":[{"start":{"line":53,"column":38},"end":{"line":53,"column":72}},{"start":{"line":53,"column":75},"end":{"line":53,"column":93}}]}},"s":{"0":1,"1":0,"2":0,"3":0,"4":0,"5":0,"6":10,"7":0,"8":0,"9":0,"10":0,"11":0,"12":0,"13":0,"14":0,"15":0,"16":1,"17":0,"18":0,"19":1},"f":{"0":1,"1":0,"2":0,"3":0,"4":0,"5":0,"6":10,"7":0,"8":0,"9":0,"10":0,"11":0,"12":0,"13":0,"14":0,"15":0,"16":0,"17":0},"b":{"0":[0,0],"1":[0,0]}}
}
