TN:
SF:pages/Authorization.page.ts
FN:6,(anonymous_0)
FN:37,(anonymous_1)
FN:41,(anonymous_2)
FNF:3
FNH:1
FNDA:1,(anonymous_0)
FNDA:0,(anonymous_1)
FNDA:0,(anonymous_2)
DA:7,1
DA:10,1
DA:38,0
DA:42,0
DA:46,1
LF:5
LH:3
BRF:0
BRH:0
end_of_record
TN:
SF:pages/BreedingAndStud.page.ts
FN:9,(anonymous_1)
FN:17,(anonymous_2)
FN:18,(anonymous_3)
FN:19,(anonymous_4)
FN:27,(anonymous_5)
FN:28,(anonymous_6)
FN:43,(anonymous_7)
FN:44,(anonymous_8)
FN:45,(anonymous_9)
FN:46,(anonymous_10)
FN:85,(anonymous_11)
FN:86,(anonymous_12)
FN:87,(anonymous_13)
FN:88,(anonymous_14)
FN:89,(anonymous_15)
FN:90,(anonymous_16)
FN:91,(anonymous_17)
FN:92,(anonymous_18)
FN:93,(anonymous_19)
FN:94,(anonymous_20)
FN:95,(anonymous_21)
FN:96,(anonymous_22)
FN:97,(anonymous_23)
FN:98,(anonymous_24)
FN:99,(anonymous_25)
FN:100,(anonymous_26)
FN:101,(anonymous_27)
FN:102,(anonymous_28)
FN:103,(anonymous_29)
FN:104,(anonymous_30)
FN:105,(anonymous_31)
FN:125,(anonymous_32)
FN:138,(anonymous_33)
FN:148,(anonymous_34)
FN:152,(anonymous_35)
FN:157,(anonymous_36)
FN:164,(anonymous_37)
FN:170,(anonymous_38)
FN:180,(anonymous_39)
FN:181,(anonymous_40)
FN:190,(anonymous_41)
FN:191,(anonymous_42)
FNF:42
FNH:9
FNDA:1,(anonymous_1)
FNDA:23,(anonymous_2)
FNDA:8,(anonymous_3)
FNDA:0,(anonymous_4)
FNDA:0,(anonymous_5)
FNDA:0,(anonymous_6)
FNDA:0,(anonymous_7)
FNDA:0,(anonymous_8)
FNDA:0,(anonymous_9)
FNDA:0,(anonymous_10)
FNDA:0,(anonymous_11)
FNDA:1,(anonymous_12)
FNDA:0,(anonymous_13)
FNDA:0,(anonymous_14)
FNDA:0,(anonymous_15)
FNDA:4,(anonymous_16)
FNDA:0,(anonymous_17)
FNDA:0,(anonymous_18)
FNDA:0,(anonymous_19)
FNDA:0,(anonymous_20)
FNDA:0,(anonymous_21)
FNDA:0,(anonymous_22)
FNDA:0,(anonymous_23)
FNDA:0,(anonymous_24)
FNDA:0,(anonymous_25)
FNDA:0,(anonymous_26)
FNDA:0,(anonymous_27)
FNDA:0,(anonymous_28)
FNDA:0,(anonymous_29)
FNDA:0,(anonymous_30)
FNDA:0,(anonymous_31)
FNDA:0,(anonymous_32)
FNDA:0,(anonymous_33)
FNDA:0,(anonymous_34)
FNDA:0,(anonymous_35)
FNDA:0,(anonymous_36)
FNDA:0,(anonymous_37)
FNDA:0,(anonymous_38)
FNDA:5,(anonymous_39)
FNDA:5,(anonymous_40)
FNDA:2,(anonymous_41)
FNDA:2,(anonymous_42)
DA:2,1
DA:3,1
DA:4,1
DA:10,1
DA:13,1
DA:17,23
DA:18,8
DA:19,0
DA:27,0
DA:28,0
DA:43,0
DA:44,0
DA:45,0
DA:46,0
DA:85,0
DA:86,1
DA:87,0
DA:88,0
DA:89,0
DA:90,4
DA:91,0
DA:92,0
DA:93,0
DA:94,0
DA:95,0
DA:96,0
DA:97,0
DA:98,0
DA:99,0
DA:100,0
DA:101,0
DA:102,0
DA:103,0
DA:104,0
DA:105,0
DA:125,0
DA:138,0
DA:149,0
DA:153,0
DA:158,0
DA:159,0
DA:160,0
DA:161,0
DA:165,0
DA:166,0
DA:167,0
DA:168,0
DA:169,0
DA:170,0
DA:171,0
DA:172,0
DA:173,0
DA:174,0
DA:175,0
DA:177,0
DA:181,5
DA:182,5
DA:183,0
DA:184,0
DA:185,0
DA:187,5
DA:191,2
DA:192,2
DA:193,0
DA:194,0
DA:195,0
DA:197,2
DA:201,1
LF:68
LH:16
BRDA:17,0,0,23
BRDA:17,0,1,0
BRDA:18,1,0,8
BRDA:18,1,1,0
BRDA:165,2,0,0
BRDA:171,3,0,0
BRDA:182,4,0,0
BRDA:184,5,0,0
BRDA:192,6,0,0
BRDA:194,7,0,0
BRF:10
BRH:2
end_of_record
TN:
SF:pages/Metamask.module.ts
FN:11,(anonymous_6)
FN:52,(anonymous_7)
FN:53,(anonymous_8)
FN:73,(anonymous_9)
FN:122,(anonymous_10)
FN:138,(anonymous_11)
FN:154,(anonymous_12)
FN:170,(anonymous_13)
FN:186,(anonymous_14)
FN:198,(anonymous_15)
FNF:10
FNH:4
FNDA:1,(anonymous_6)
FNDA:1,(anonymous_7)
FNDA:1,(anonymous_8)
FNDA:1,(anonymous_9)
FNDA:0,(anonymous_10)
FNDA:0,(anonymous_11)
FNDA:0,(anonymous_12)
FNDA:0,(anonymous_13)
FNDA:0,(anonymous_14)
FNDA:0,(anonymous_15)
DA:1,1
DA:2,1
DA:4,1
DA:8,1
DA:9,1
DA:17,1
DA:53,1
DA:54,1
DA:56,1
DA:69,1
DA:70,1
DA:74,1
DA:78,1
DA:79,1
DA:80,1
DA:81,1
DA:82,1
DA:83,1
DA:84,1
DA:85,1
DA:89,1
DA:90,1
DA:94,1
DA:95,1
DA:96,1
DA:97,1
DA:98,1
DA:99,1
DA:100,1
DA:101,1
DA:102,1
DA:103,1
DA:104,1
DA:108,1
DA:109,1
DA:111,1
DA:112,1
DA:113,1
DA:114,1
DA:115,1
DA:116,1
DA:117,1
DA:118,1
DA:119,1
DA:123,0
DA:127,0
DA:128,0
DA:129,0
DA:130,0
DA:131,0
DA:132,0
DA:133,0
DA:134,0
DA:135,0
DA:139,0
DA:143,0
DA:144,0
DA:145,0
DA:146,0
DA:147,0
DA:148,0
DA:149,0
DA:150,0
DA:151,0
DA:155,0
DA:159,0
DA:160,0
DA:161,0
DA:162,0
DA:163,0
DA:164,0
DA:165,0
DA:166,0
DA:167,0
DA:171,0
DA:175,0
DA:176,0
DA:177,0
DA:178,0
DA:179,0
DA:180,0
DA:181,0
DA:182,0
DA:183,0
DA:187,0
DA:191,0
DA:192,0
DA:193,0
DA:194,0
DA:195,0
DA:199,0
DA:200,0
DA:201,0
DA:202,0
DA:206,1
LF:95
LH:45
BRDA:54,0,0,0
BRF:1
BRH:0
end_of_record
TN:
SF:pages/Racing.module.ts
FN:6,(anonymous_0)
FN:15,(anonymous_1)
FN:16,(anonymous_2)
FN:28,(anonymous_3)
FN:32,(anonymous_4)
FNF:5
FNH:2
FNDA:1,(anonymous_0)
FNDA:1,(anonymous_1)
FNDA:0,(anonymous_2)
FNDA:0,(anonymous_3)
FNDA:0,(anonymous_4)
DA:7,1
DA:10,1
DA:15,1
DA:16,0
DA:29,0
DA:33,0
DA:38,1
LF:7
LH:4
BRDA:15,0,0,1
BRDA:15,0,1,0
BRDA:16,1,0,0
BRDA:16,1,1,0
BRF:4
BRH:1
end_of_record
TN:
SF:pages/RacingAPI.module.ts
FN:4,(anonymous_6)
FN:7,(anonymous_7)
FN:16,(anonymous_8)
FN:24,(anonymous_9)
FN:28,(anonymous_10)
FN:35,(anonymous_11)
FN:37,(anonymous_12)
FN:41,(anonymous_13)
FN:42,(anonymous_14)
FN:78,(anonymous_15)
FN:90,(anonymous_16)
FN:92,(anonymous_17)
FNF:12
FNH:10
FNDA:1,(anonymous_6)
FNDA:17,(anonymous_7)
FNDA:1,(anonymous_8)
FNDA:1,(anonymous_9)
FNDA:1,(anonymous_10)
FNDA:0,(anonymous_11)
FNDA:10,(anonymous_12)
FNDA:12,(anonymous_13)
FNDA:24,(anonymous_14)
FNDA:2,(anonymous_15)
FNDA:0,(anonymous_16)
FNDA:10,(anonymous_17)
DA:1,1
DA:2,1
DA:5,1
DA:8,17
DA:17,1
DA:18,1
DA:24,1
DA:25,1
DA:29,1
DA:30,1
DA:35,1
DA:36,1
DA:37,10
DA:39,1
DA:40,2
DA:41,12
DA:42,24
DA:44,2
DA:45,2
DA:47,1
DA:48,1
DA:49,7
DA:50,7
DA:57,7
DA:58,6
DA:59,6
DA:73,6
DA:79,2
DA:80,2
DA:81,2
DA:82,2
DA:90,2
DA:91,2
DA:92,10
DA:93,1
DA:94,1
DA:96,2
DA:100,1
LF:38
LH:38
BRDA:36,0,0,0
BRDA:37,1,0,10
BRDA:37,1,1,7
BRDA:45,2,0,1
BRDA:91,3,0,1
BRDA:94,4,0,1
BRF:6
BRH:5
end_of_record
TN:
SF:pages/Stable.page.ts
FN:6,(anonymous_0)
FN:31,(anonymous_1)
FN:32,(anonymous_2)
FN:35,(anonymous_3)
FN:36,(anonymous_4)
FN:40,(anonymous_5)
FN:51,(anonymous_6)
FN:96,(anonymous_7)
FN:129,(anonymous_8)
FN:133,(anonymous_9)
FN:137,(anonymous_10)
FN:139,(anonymous_11)
FN:162,(anonymous_12)
FN:166,(anonymous_13)
FN:170,(anonymous_14)
FN:174,(anonymous_15)
FNF:16
FNH:8
FNDA:1,(anonymous_0)
FNDA:6,(anonymous_1)
FNDA:0,(anonymous_2)
FNDA:14,(anonymous_3)
FNDA:14,(anonymous_4)
FNDA:0,(anonymous_5)
FNDA:0,(anonymous_6)
FNDA:0,(anonymous_7)
FNDA:0,(anonymous_8)
FNDA:0,(anonymous_9)
FNDA:6,(anonymous_10)
FNDA:3,(anonymous_11)
FNDA:3,(anonymous_12)
FNDA:0,(anonymous_13)
FNDA:0,(anonymous_14)
FNDA:11,(anonymous_15)
DA:7,1
DA:10,1
DA:31,6
DA:32,0
DA:35,14
DA:36,14
DA:40,0
DA:51,0
DA:96,0
DA:130,0
DA:134,0
DA:139,6
DA:140,6
DA:141,3
DA:142,3
DA:143,14
DA:144,14
DA:145,14
DA:146,0
DA:147,0
DA:150,3
DA:151,3
DA:152,1
DA:153,1
DA:163,3
DA:167,0
DA:171,0
DA:175,11
DA:179,1
LF:29
LH:19
BRDA:140,0,0,3
BRDA:145,1,0,0
BRDA:151,2,0,1
BRDA:163,3,0,3
BRDA:163,3,1,3
BRDA:167,4,0,0
BRDA:167,4,1,0
BRDA:171,5,0,0
BRDA:171,5,1,0
BRF:9
BRH:4
end_of_record
